Start testing: Nov 04 17:37 Фінляндія (зима)
----------------------------------------------------------
Unable to find executable: C:/Users/Admin/Desktop/csad2526KI404ZakharKoOlehStepanovych11/build/Debug/unit_tests.exe
1/1 Testing: unit_tests
1/1 Test: unit_tests
Command: ""
Directory: C:/Users/Admin/Desktop/csad2526KI404ZakharKoOlehStepanovych11/build
"unit_tests" start time: 
Output:
----------------------------------------------------------
<end of output>
Test time =   0.00 sec
----------------------------------------------------------
Test Passed.
"unit_tests" end time: Nov 04 17:37 Фінляндія (зима)
"unit_tests" time elapsed: 00:00:00
----------------------------------------------------------

End testing: Nov 04 17:37 Фінляндія (зима)
